<?xml version="1.0" encoding="UTF-8"?>
<!-- Generated by org.testng.reporters.JUnitXMLReporter -->
<testsuite hostname="ZS-LP-0018" ignored="0" name="Default test" tests="5" failures="0" timestamp="22 Mar 2021 09:29:15 GMT" time="23.234" errors="0">
  <testcase name="login" time="1.506" classname="org.testcases.MainRun"/>
  <testcase name="search_Hotel_in_Adactin" time="1.834" classname="org.testcases.MainRun"/>
  <testcase name="select_Hotel_in_Adactin" time="1.038" classname="org.testcases.MainRun"/>
  <testcase name="booking_Hotel_in_Adactin" time="1.078" classname="org.testcases.MainRun"/>
  <testcase name="getting_order_no" time="10.07" classname="org.testcases.MainRun"/>
</testsuite> <!-- Default test -->
