<?xml version="1.0" encoding="UTF-8"?>
<testng-results skipped="0" failed="0" ignored="0" total="5" passed="5">
  <reporter-output>
  </reporter-output>
  <suite name="Default suite" duration-ms="23234" started-at="2021-03-22T09:28:52Z" finished-at="2021-03-22T09:29:15Z">
    <groups>
    </groups>
    <test name="Default test" duration-ms="23234" started-at="2021-03-22T09:28:52Z" finished-at="2021-03-22T09:29:15Z">
      <class name="org.testcases.MainRun">
        <test-method status="PASS" signature="load_Driver()[pri:0, instance:org.testcases.MainRun@3bd40a57]" name="load_Driver" is-config="true" duration-ms="6580" started-at="2021-03-22T09:28:52Z" finished-at="2021-03-22T09:28:58Z">
          <reporter-output>
          </reporter-output>
        </test-method> <!-- load_Driver -->
        <test-method status="PASS" signature="startTime()[pri:0, instance:org.testcases.MainRun@3bd40a57]" name="startTime" is-config="true" duration-ms="5" started-at="2021-03-22T09:28:58Z" finished-at="2021-03-22T09:28:58Z">
          <reporter-output>
          </reporter-output>
        </test-method> <!-- startTime -->
        <test-method status="PASS" signature="login()[pri:0, instance:org.testcases.MainRun@3bd40a57]" name="login" duration-ms="1506" started-at="2021-03-22T09:28:58Z" finished-at="2021-03-22T09:29:00Z">
          <reporter-output>
          </reporter-output>
        </test-method> <!-- login -->
        <test-method status="PASS" signature="endTime()[pri:0, instance:org.testcases.MainRun@3bd40a57]" name="endTime" is-config="true" duration-ms="1" started-at="2021-03-22T09:29:00Z" finished-at="2021-03-22T09:29:00Z">
          <reporter-output>
          </reporter-output>
        </test-method> <!-- endTime -->
        <test-method status="PASS" signature="startTime()[pri:0, instance:org.testcases.MainRun@3bd40a57]" name="startTime" is-config="true" duration-ms="1" started-at="2021-03-22T09:29:00Z" finished-at="2021-03-22T09:29:00Z">
          <reporter-output>
          </reporter-output>
        </test-method> <!-- startTime -->
        <test-method status="PASS" signature="search_Hotel_in_Adactin()[pri:0, instance:org.testcases.MainRun@3bd40a57]" name="search_Hotel_in_Adactin" duration-ms="1834" started-at="2021-03-22T09:29:00Z" depends-on-methods="org.testcases.MainRun.login" finished-at="2021-03-22T09:29:01Z">
          <reporter-output>
          </reporter-output>
        </test-method> <!-- search_Hotel_in_Adactin -->
        <test-method status="PASS" signature="endTime()[pri:0, instance:org.testcases.MainRun@3bd40a57]" name="endTime" is-config="true" duration-ms="2" started-at="2021-03-22T09:29:01Z" finished-at="2021-03-22T09:29:01Z">
          <reporter-output>
          </reporter-output>
        </test-method> <!-- endTime -->
        <test-method status="PASS" signature="startTime()[pri:0, instance:org.testcases.MainRun@3bd40a57]" name="startTime" is-config="true" duration-ms="0" started-at="2021-03-22T09:29:01Z" finished-at="2021-03-22T09:29:01Z">
          <reporter-output>
          </reporter-output>
        </test-method> <!-- startTime -->
        <test-method status="PASS" signature="select_Hotel_in_Adactin()[pri:0, instance:org.testcases.MainRun@3bd40a57]" name="select_Hotel_in_Adactin" duration-ms="1038" started-at="2021-03-22T09:29:01Z" depends-on-methods="org.testcases.MainRun.search_Hotel_in_Adactin" finished-at="2021-03-22T09:29:03Z">
          <reporter-output>
          </reporter-output>
        </test-method> <!-- select_Hotel_in_Adactin -->
        <test-method status="PASS" signature="endTime()[pri:0, instance:org.testcases.MainRun@3bd40a57]" name="endTime" is-config="true" duration-ms="2" started-at="2021-03-22T09:29:03Z" finished-at="2021-03-22T09:29:03Z">
          <reporter-output>
          </reporter-output>
        </test-method> <!-- endTime -->
        <test-method status="PASS" signature="startTime()[pri:0, instance:org.testcases.MainRun@3bd40a57]" name="startTime" is-config="true" duration-ms="1" started-at="2021-03-22T09:29:03Z" finished-at="2021-03-22T09:29:03Z">
          <reporter-output>
          </reporter-output>
        </test-method> <!-- startTime -->
        <test-method status="PASS" signature="booking_Hotel_in_Adactin()[pri:0, instance:org.testcases.MainRun@3bd40a57]" name="booking_Hotel_in_Adactin" duration-ms="1078" started-at="2021-03-22T09:29:03Z" depends-on-methods="org.testcases.MainRun.select_Hotel_in_Adactin" finished-at="2021-03-22T09:29:04Z">
          <reporter-output>
          </reporter-output>
        </test-method> <!-- booking_Hotel_in_Adactin -->
        <test-method status="PASS" signature="endTime()[pri:0, instance:org.testcases.MainRun@3bd40a57]" name="endTime" is-config="true" duration-ms="1" started-at="2021-03-22T09:29:04Z" finished-at="2021-03-22T09:29:04Z">
          <reporter-output>
          </reporter-output>
        </test-method> <!-- endTime -->
        <test-method status="PASS" signature="startTime()[pri:0, instance:org.testcases.MainRun@3bd40a57]" name="startTime" is-config="true" duration-ms="0" started-at="2021-03-22T09:29:04Z" finished-at="2021-03-22T09:29:04Z">
          <reporter-output>
          </reporter-output>
        </test-method> <!-- startTime -->
        <test-method status="PASS" signature="getting_order_no()[pri:0, instance:org.testcases.MainRun@3bd40a57]" name="getting_order_no" duration-ms="10070" started-at="2021-03-22T09:29:04Z" depends-on-methods="org.testcases.MainRun.booking_Hotel_in_Adactin" finished-at="2021-03-22T09:29:14Z">
          <reporter-output>
          </reporter-output>
        </test-method> <!-- getting_order_no -->
        <test-method status="PASS" signature="endTime()[pri:0, instance:org.testcases.MainRun@3bd40a57]" name="endTime" is-config="true" duration-ms="1" started-at="2021-03-22T09:29:14Z" finished-at="2021-03-22T09:29:14Z">
          <reporter-output>
          </reporter-output>
        </test-method> <!-- endTime -->
        <test-method status="PASS" signature="kill_Browser()[pri:0, instance:org.testcases.MainRun@3bd40a57]" name="kill_Browser" is-config="true" duration-ms="1062" started-at="2021-03-22T09:29:14Z" finished-at="2021-03-22T09:29:15Z">
          <reporter-output>
          </reporter-output>
        </test-method> <!-- kill_Browser -->
      </class> <!-- org.testcases.MainRun -->
    </test> <!-- Default test -->
  </suite> <!-- Default suite -->
</testng-results>
